Global RMG Settings:
   database.directory   = /Users/blais.ch/Documents/_01_code/RMG_env_1/RMG-database/input (Default, relative to RMG-Py source code)
   test_data.directory  = /Users/blais.ch/Documents/_01_code/RMG_env_1/RMG-Py/test/rmgpy/test_data (Default, relative to RMG-Py source code)
RMG execution initiated at Sat Sep 23 22:18:36 2023

#########################################################
# RMG-Py - Reaction Mechanism Generator in Python       #
# Version: 3.2.0                                        #
# Authors: RMG Developers (rmg_dev@mit.edu)             #
# P.I.s:   William H. Green (whgreen@mit.edu)           #
#          Richard H. West (r.west@neu.edu)             #
# Website: http://reactionmechanismgenerator.github.io/ #
#########################################################

The current git HEAD for RMG-Py is:
	b'8711122173154ce85a6a5aa8e01ebc28a04368d3'
	b'Tue Sep 19 17:16:24 2023 -0400'

The current git HEAD for RMG-database is:
	b'761eaee0b4376920b3058d7b2cbdb5be301cd6af'
	b'Sat Sep 23 13:04:09 2023 -0400'

Reading input file "/Users/blais.ch/Documents/_01_code/05_Project_repos_Github/meOH_repos/uncertainty_analysis/rmg_gua/baseline/input.py"...
# Running on current commits 29Aug2021 for 
# RMG-Py: forbidden_input (rebased)
# RMG-Database: meoh_3
# running with david's forbidden input branch for Py, 
# Database:
# bjarne's Pt111 thermo
# the correct H2vdw values for thermo per david's comments on PR #516 
# keep grabow rates from training data
# added bjarne's new abstraction families
# removed bidentate families from recommended 

# Data sources
database(
    thermoLibraries=[
        # 'surfaceThermoCu111', 
        'surfaceThermoPt111', 
        'primaryThermoLibrary', 
        'thermo_DFT_CCSDTF12_BAC',
        'DFT_QCI_thermo',
        ],
    reactionLibraries = [
        'BurkeH2O2inArHe',
        'BurkeH2O2inN2', ],
        # 'Surface/CPOX_Pt/Deutschmann2006_adjusted'],
    seedMechanisms = [],
    kineticsDepositories = ['training'],
    kineticsFamilies=[('surface_multisite', True), ('default', False)],
    kineticsEstimator = 'rate rules',
)

catalystProperties(
    metal='Cu111'
)

# catalystProperties( # default values for Cu(111) calculated by Katrin Blondal and Bjarne Kreitz at Brown University
#     bindingEnergies = {
#                        'C':(-4.96033553, 'eV/molecule'),
#                        'O':(-4.20763879, 'eV/molecule'),
#                        'N':(-3.58446699, 'eV/molecule'),
#                        'H':(-2.58383235, 'eV/molecule'),
#                        },
#     surfaceSiteDensity=(2.943e-9, 'mol/cm^2'),  # from Katrin
#     coverageDependence=True,

# )
# catalystProperties( # Rh111
#     bindingEnergies = {
#                        'C':(-6.568, 'eV/molecule'),
#                        'O':(-4.610, 'eV/molecule'),
#                        'N':(-4.352, 'eV/molecule'),
#                        'H':(-2.479, 'eV/molecule'),
#                        },
#     surfaceSiteDensity=(2.72e-9, 'mol/cm^2'),
# )

# List of species
species(
    label='X',
    reactive=True,
    structure=adjacencyList("1 X u0"),
)

species(
    label='N2',
    reactive=False,
    structure=SMILES("N#N"),
)

species(
    label='H2',
    reactive=True,
    structure=SMILES("[H][H]"),
)

species(
    label='CO',
    reactive=True,
    structure=SMILES("[C-]#[O+]"),
)

species(
    label='CO2',
    reactive=True,
    structure=SMILES("O=C=O"),
)

species(
    label='H2O',
    reactive=True,
    structure=SMILES("O"),
)

species(
    label='CH2O',
    reactive=True,
    structure=SMILES("C=O"),
)

species(
    label='HCOOH',
    reactive=True,
    structure=SMILES("O=CO"),
)

species(
    label='CH3OH',
    reactive=True,
    structure=SMILES("CO"),
)

species(
    label='HCOOCH3',
    reactive=True,
    structure=SMILES("O=COC"),
)

species(
   label='H*',
   reactive=True,
   structure=adjacencyList(
       """
1 H u0 p0 c0 {2,S}
2 X u0 p0 c0 {1,S}
"""),
)

species(
   label='O*',
   reactive=True,
   structure=adjacencyList(
       """
1 O u0 p2 c0 {2,D}
2 X u0 p0 c0 {1,D}
"""),
)

species(
   label='OH*',
   reactive=True,
   structure=adjacencyList(
       """
1 O u0 p2 c0 {2,S} {3,S}
2 H u0 p0 c0 {1,S}
3 X u0 p0 c0 {1,S}
"""),
)

species(
   label='H2O*',
   reactive=True,
   structure=adjacencyList(
       """
1 O u0 p2 c0 {2,S} {3,S}
2 H u0 p0 c0 {1,S}
3 H u0 p0 c0 {1,S}
4 X u0 p0 c0
"""),
)

species(
   label='CO*',
   reactive=True,
   structure=adjacencyList(
       """
1 O u0 p2 c0 {2,D}
2 C u0 p0 c0 {1,D} {3,D}
3 X u0 p0 c0 {2,D}
"""),
)

species(
   label='CO2*',
   reactive=True,
   structure=adjacencyList(
       """
1 O u0 p2 c0 {3,D}
2 O u0 p2 c0 {3,D}
3 C u0 p0 c0 {1,D} {2,D}
4 X u0 p0 c0
"""),
)

# species(
#    label='CO3*',
#    reactive=True,
#    structure=adjacencyList(
#        """
#
# """),
# )

# species(
#    label='HCO3*',
#    reactive=True,
#    structure=adjacencyList(
#        """

# """),
# )

species(
   label='HCO*',
   reactive=True,
   structure=adjacencyList(
       """
1 O u0 p2 c0 {2,D}
2 C u0 p0 c0 {1,D} {3,S} {4,S}
3 H u0 p0 c0 {2,S}
4 X u0 p0 c0 {2,S}
"""),
)

# species(
#    label='COH*',
#    reactive=True,
#    structure=adjacencyList(
#        """
#
# """),
# )

# species(
#    label='HCOH*',
#    reactive=True,
#    structure=adjacencyList(
#        """
# 1 O u0 p2 c0 {2,S} {4,S}
# 2 C u0 p0 c0 {1,S} {3,S} {5,D}
# 3 H u0 p0 c0 {2,S}
# 4 H u0 p0 c0 {1,S}
# 5 X u0 p0 c0 {2,D}
# """),
# )

# HCOO representation in 
species(
   label='HCOO*',
   reactive=True,
   structure=adjacencyList(
       """
1 O u0 p2 c0 {3,S} {5,S}
2 O u0 p2 c0 {3,D}
3 C u0 p0 c0 {1,S} {2,D} {4,S}
4 H u0 p0 c0 {3,S}
5 X u0 p0 c0 {1,S}
"""),
)

# HCOO as grabow represents it. I do not have their weird resonance structure though:
#     H
#     C
#    / \
#   O   O
#__||__||____resonant 1.5 bond b/w O and X
#
# species(
#    label='HCOO*',
#    reactive=True,
#    structure=adjacencyList(
#        """
# 1 O u0 p2 c0 {2,S} {5,S}
# 2 C u1 p0 c0 {1,S} {3,S} {4,S}
# 3 O u0 p2 c0 {2,S} {6,S}
# 4 H u0 p0 c0 {2,S}
# 5 X u0 p0 c0 {1,S}
# 6 X u0 p0 c0 {3,S}
# """),
# )


# species(
#    label='H2CO2*',
#    reactive=True,
#    structure=adjacencyList(
#        """
#
# """),
# )

species(
   label='COOH*',
   reactive=True,
   structure=adjacencyList(
       """
1 O u0 p2 c0 {3,S} {4,S}
2 O u0 p2 c0 {3,D}
3 C u0 p0 c0 {1,S} {2,D} {5,S}
4 H u0 p0 c0 {1,S}
5 X u0 p0 c0 {3,S}
"""),
)

# radical representation
# species(
#    label='HCOOH*',
#    reactive=True,
#    structure=adjacencyList(
#        """
# 1 O u0 p2 c0 {2,S} {4,S}
# 2 C u1 p0 c0 {1,S} {3,S} {5,S}
# 3 O u0 p2 c0 {2,S} {6,S}
# 4 H u0 p0 c0 {1,S}
# 5 H u0 p0 c0 {2,S}
# 6 X u0 p0 c0 {3,S}
# """),
# )

# vdw representation
species(
   label='HCOOH*',
   reactive=True,
   structure=adjacencyList(
       """
1 O u0 p2 c0 {2,S} {6,S}
2 C u0 p0 c0 {1,S} {3,S} {4,D}
3 H u0 p0 c0 {2,S}
4 O u0 p2 c0 {2,D}
5 X u0 p0 c0
6 H u0 p0 c0 {1,S}
"""),
)

species(
   label='CH2O*',
   reactive=True,
   structure=adjacencyList(
       """
1 O u0 p2 c0 {2,D}
2 C u0 p0 c0 {1,D} {3,S} {4,S}
3 H u0 p0 c0 {2,S}
4 H u0 p0 c0 {2,S}
5 X u0 p0 c0
"""),
)

species(
   label='CH3O*',
   reactive=True,
   structure=adjacencyList(
       """
1 O u0 p2 c0 {2,S} {6,S}
2 C u0 p0 c0 {1,S} {3,S} {4,S} {5,S}
3 H u0 p0 c0 {2,S}
4 H u0 p0 c0 {2,S}
5 H u0 p0 c0 {2,S}
6 X u0 p0 c0 {1,S}
"""),
)

# species(
#    label='CH2OH*',
#    reactive=True,
#    structure=adjacencyList(
#        """
# 1 O u0 p2 c0 {2,S} {5,S}
# 2 C u0 p0 c0 {1,S} {3,S} {4,S} {6,S}
# 3 H u0 p0 c0 {2,S}
# 4 H u0 p0 c0 {2,S}
# 5 H u0 p0 c0 {1,S}
# 6 X u0 p0 c0 {2,S}
# """),
# )

species(
   label='CH3O2*',
   reactive=True,
   structure=adjacencyList(
       """
1 O u0 p2 c0 {3,S} {6,S}
2 O u0 p2 c0 {3,S} {7,S}
3 C u0 p0 c0 {1,S} {2,S} {4,S} {5,S}
4 H u0 p0 c0 {3,S}
5 H u0 p0 c0 {3,S}
6 H u0 p0 c0 {1,S}
7 X u0 p0 c0 {2,S}
"""),
)

species(
   label='CH3OH*',
   reactive=True,
   structure=adjacencyList(
       """
 1 O u0 p2 c0 {2,S} {6,S}
2 C u0 p0 c0 {1,S} {3,S} {4,S} {5,S}
3 H u0 p0 c0 {2,S}
4 H u0 p0 c0 {2,S}
5 H u0 p0 c0 {2,S}
6 H u0 p0 c0 {1,S}
7 X u0 p0 c0
"""),
)

# insert CH4 because it is smothering the surface. 
# species(
#    label='CH4',
#    reactive=True,
#    structure=adjacencyList(
#        """
# 1 C u0 p0 c0 {2,S} {3,S} {4,S} {5,S}
# 2 H u0 p0 c0 {1,S}
# 3 H u0 p0 c0 {1,S}
# 4 H u0 p0 c0 {1,S}
# 5 H u0 p0 c0 {1,S}
# """),
# )


# species(
#    label='HCOOCH3*',
#    reactive=True,
#    structure=adjacencyList(
#        """
# """),
# )

# species(
#    label='H2COOCH3*',
#    reactive=True,
#    structure=adjacencyList(
#        """
#
# """),
# )

#----------
# Reaction systems
#1
surfaceReactor(
    temperature=(400,'K'),
    initialPressure=(15.0, 'bar'),
    # nSims = 4,
    initialGasMoleFractions={
        "CO": 0.2,
        "CO2": 0.2,
        "H2": 0.2,
        "N2": 0.2,
        "H2O": 0.2,  
    },
    initialSurfaceCoverages={
        "X": 1.0,
    },
    surfaceVolumeRatio=(1.e5, 'm^-1'),
    terminationConversion = { "CO2":0.15,},
    terminationTime=(10., 's'),
    # terminationRateRatio=1e-3
)
#2
surfaceReactor(
    temperature=(400,'K'),
    initialPressure=(75.0, 'bar'),
#    nSims = 4,
    initialGasMoleFractions={
        "CO": 0.2,
        "CO2": 0.2,
        "H2": 0.2,
        "N2": 0.2,
        "H2O": 0.2,  
    },
    initialSurfaceCoverages={
        "X": 1.0,
    },
    surfaceVolumeRatio=(1.e5, 'm^-1'),
    terminationConversion = { "CO2":0.15,},
    terminationTime=(10., 's'),
    # terminationRateRatio=1e-3
)
#3
surfaceReactor(
    temperature=(500,'K'),
    initialPressure=(15.0, 'bar'),
#    nSims = 4,
    initialGasMoleFractions={
        "CO": 0.2,
        "CO2": 0.2,
        "H2": 0.2,
        "N2": 0.2,
        "H2O": 0.2,  
    },
    initialSurfaceCoverages={
        "X": 1.0,
    },
    surfaceVolumeRatio=(1.e5, 'm^-1'),
    terminationConversion = { "CO2":0.15,},
    terminationTime=(10., 's'),
    # terminationRateRatio=1e-3
)

#4
surfaceReactor(
    temperature=(500,'K'),
    initialPressure=(75.0, 'bar'),
#    nSims = 4,
    initialGasMoleFractions={
        "CO": 0.2,
        "CO2": 0.2,
        "H2": 0.2,
        "N2": 0.2,
        "H2O": 0.2,  
    },
    initialSurfaceCoverages={
        "X": 1.0,
    },
    surfaceVolumeRatio=(1.e5, 'm^-1'),
    terminationConversion = { "CO2":0.15,},
    terminationTime=(10., 's'),
    # terminationRateRatio=1e-3
)
#5
surfaceReactor(
    temperature=(600,'K'),
    initialPressure=(15.0, 'bar'),
#    nSims = 4,
    initialGasMoleFractions={
        "CO": 0.2,
        "CO2": 0.2,
        "H2": 0.2,
        "N2": 0.2,
        "H2O": 0.2,  
    },
    initialSurfaceCoverages={
        "X": 1.0,
    },
    surfaceVolumeRatio=(1.e5, 'm^-1'),
    terminationConversion = { "CO2":0.15,},
    terminationTime=(10., 's'),
    # terminationRateRatio=1e-3
)
#6
surfaceReactor(
    temperature=(600,'K'),
    initialPressure=(75.0, 'bar'),
#    nSims = 4,
    initialGasMoleFractions={
        "CO": 0.2,
        "CO2": 0.2,
        "H2": 0.2,
        "N2": 0.2,
        "H2O": 0.2,  
    },
    initialSurfaceCoverages={
        "X": 1.0,
    },
    surfaceVolumeRatio=(1.e5, 'm^-1'),
    terminationConversion = { "CO2":0.15,},
    terminationTime=(10., 's'),
    # terminationRateRatio=1e-3
)

simulator(
    atol=1e-18,
    rtol=1e-12,
)

model(
    toleranceKeepInEdge=0.0,
    toleranceMoveToCore=0.1,
# inturrupt tolerance was 0.1 wout pruning, 1e8 w pruning on
    toleranceInterruptSimulation=0.1,
    maximumEdgeSpecies=500000,
# PRUNING: uncomment to prune
#    minCoreSizeForPrune=50,
# prune before simulation based on thermo
#    toleranceThermoKeepSpeciesInEdge=0.5,
# prune rxns from edge that dont move into core
#    minSpeciesExistIterationsForPrune=2,
# FILTERING: set so threshold is slightly larger than max rate constants
#    filterReactions=True,
#    filterThreshold=5e8, # default value
)

options(
    units='si',
    saveRestartPeriod=None,
    generateOutputHTML=True,
    generatePlots=False,
    # generateLabeledReactions=True, # using labelreactions branch, to get a list of labeled reactions
    saveEdgeSpecies=True,
    saveSimulationProfiles=True,
    generateSeedEachIteration=True,
    verboseComments=True,

)

generatedSpeciesConstraints(
    allowed=['input species'],#,'reaction libraries'],
#    maximumRadicalElectrons=2,
    maximumOxygenAtoms=2,
    maximumCarbonAtoms=2,
    maximumSurfaceSites=2,
)

# forbidden(
#     label='CO2_bidentate',
#     structure=adjacencyList(
#         """
#         1 O u0 p2 c0 {2,D}
#         2 C u0 p0 c0 {1,D} {3,S} {4,S}
#         3 X u0 p0 c0 {2,S}
#         4 O u0 p2 c0 {2,S} {5,S}
#         5 X u0 p0 c0 {4,S}
#         """
#     )
# )
# H2 rarely adsorbs as vdw, dissociation favored. 
forbidden(
    label='H2Vdw',
    structure=adjacencyList(
        """
        1 H u0 p0 c0 {2,S}
        2 H u0 p0 c0 {1,S}
        3 X u0 p0 c0
        """
    )
)
# forbidden because of strain on CO bond unlikely on Cu111
forbidden(
    label="CO_bidentate_R",
        structure=adjacencyListGroup(
        """
        1 X u0 p0 c0 {2,S}
        2 O u0 p2 c0 {1,S} {3,S}
        3 C u0 p0 c0 {2,S} {4,[S,D,T]} {5,[S,D,T]}
        4 X u0 p0 c0 {3,[S,D,T]}
        5 R u0 c0 {3,[S,D,T]}
        """
    )
)

forbidden(
    label='ch4_vdw',
    structure=adjacencyList(
        """
        1 C u0 p0 c0 {2,S} {3,S} {4,S} {5,S}
        2 H u0 p0 c0 {1,S}
        3 H u0 p0 c0 {1,S}
        4 H u0 p0 c0 {1,S}
        5 H u0 p0 c0 {1,S}
        6 X u0 p0 c0
        """
    )
)

forbidden(
    label='cox2',
    structure=adjacencyList(
        """
        1 O u0 p2 c0 {2,S} {3,S}
        2 C u0 p0 c0 {1,S} {4,T}
        3 X u0 p0 c0 {1,S}
        4 X u0 p0 c0 {2,T}
        """
    )
)
# check that we really are having an issue with methane formation
# forbidden(
#     label='ch3x',
#     structure=adjacencyList(
#         """
#         1 C u0 p0 c0 {2,S} {3,S} {4,S} {5,S}
#         2 H u0 p0 c0 {1,S}
#         3 H u0 p0 c0 {1,S}
#         4 H u0 p0 c0 {1,S}
#         5 X u0 p0 c0 {1,S}
#         """
#     )
# )
# forbidden(
#     label='ch4',
#     structure=adjacencyList(
#         """
#         1 C u0 p0 c0 {2,S} {3,S} {4,S} {5,S}
#         2 H u0 p0 c0 {1,S}
#         3 H u0 p0 c0 {1,S}
#         4 H u0 p0 c0 {1,S}
#         5 H u0 p0 c0 {1,S}
#         """
#     )
# )



Using catalyst surface properties from metal 'Cu111'.
Using binding energies:
{'H': (-2.58383,'eV/molecule'), 'C': (-4.96034,'eV/molecule'), 'N': (-3.58447,'eV/molecule'), 'O': (-4.20764,'eV/molecule')}
Using surface site density: (2.943e-09,'mol/cm^2')
Coverage dependence is turned OFF

Surface reaction system 1
Gas phase mole fractions:
  CO                   0.2
  CO2                  0.2
  H2                   0.2
  N2                   0.2
  H2O                  0.2
Total gas phase:          1 moles
Pressure:                 1.5e+06 Pa
Temperature:              400.0 K
Reactor volume:           0.00222 m3
Surface/volume ratio:     1e+05 m2/m3
Surface site density:     2.94e-05 mol/m2
Surface sites in reactor: 0.00653 moles
Initial surface coverages (and amounts):
  X                  1 = 0.0065252 moles

Surface reaction system 2
Gas phase mole fractions:
  CO                   0.2
  CO2                  0.2
  H2                   0.2
  N2                   0.2
  H2O                  0.2
Total gas phase:          1 moles
Pressure:                 7.5e+06 Pa
Temperature:              400.0 K
Reactor volume:           0.000443 m3
Surface/volume ratio:     1e+05 m2/m3
Surface site density:     2.94e-05 mol/m2
Surface sites in reactor: 0.00131 moles
Initial surface coverages (and amounts):
  X                  1 = 0.001305 moles

Surface reaction system 3
Gas phase mole fractions:
  CO                   0.2
  CO2                  0.2
  H2                   0.2
  N2                   0.2
  H2O                  0.2
Total gas phase:          1 moles
Pressure:                 1.5e+06 Pa
Temperature:              500.0 K
Reactor volume:           0.00277 m3
Surface/volume ratio:     1e+05 m2/m3
Surface site density:     2.94e-05 mol/m2
Surface sites in reactor: 0.00816 moles
Initial surface coverages (and amounts):
  X                  1 = 0.0081565 moles

Surface reaction system 4
Gas phase mole fractions:
  CO                   0.2
  CO2                  0.2
  H2                   0.2
  N2                   0.2
  H2O                  0.2
Total gas phase:          1 moles
Pressure:                 7.5e+06 Pa
Temperature:              500.0 K
Reactor volume:           0.000554 m3
Surface/volume ratio:     1e+05 m2/m3
Surface site density:     2.94e-05 mol/m2
Surface sites in reactor: 0.00163 moles
Initial surface coverages (and amounts):
  X                  1 = 0.0016313 moles

Surface reaction system 5
Gas phase mole fractions:
  CO                   0.2
  CO2                  0.2
  H2                   0.2
  N2                   0.2
  H2O                  0.2
Total gas phase:          1 moles
Pressure:                 1.5e+06 Pa
Temperature:              600.0 K
Reactor volume:           0.00333 m3
Surface/volume ratio:     1e+05 m2/m3
Surface site density:     2.94e-05 mol/m2
Surface sites in reactor: 0.00979 moles
Initial surface coverages (and amounts):
  X                  1 = 0.0097878 moles

Surface reaction system 6
Gas phase mole fractions:
  CO                   0.2
  CO2                  0.2
  H2                   0.2
  N2                   0.2
  H2O                  0.2
Total gas phase:          1 moles
Pressure:                 7.5e+06 Pa
Temperature:              600.0 K
Reactor volume:           0.000665 m3
Surface/volume ratio:     1e+05 m2/m3
Surface site density:     2.94e-05 mol/m2
Surface sites in reactor: 0.00196 moles
Initial surface coverages (and amounts):
  X                  1 = 0.0019576 moles
Warning: Generate Output HTML option was turned on. Note that this will slow down model generation.
Warning: Edge species saving was turned on. This will slow down model generation for large simulations.

Loading transport library from GRI-Mech.py in /Users/blais.ch/Documents/_01_code/RMG_env_1/RMG-database/input/transport/libraries...
Loading transport library from OneDMinN2.py in /Users/blais.ch/Documents/_01_code/RMG_env_1/RMG-database/input/transport/libraries...
Loading transport library from NOx2018.py in /Users/blais.ch/Documents/_01_code/RMG_env_1/RMG-database/input/transport/libraries...
Loading transport library from NIST_Fluorine.py in /Users/blais.ch/Documents/_01_code/RMG_env_1/RMG-database/input/transport/libraries...
Loading transport library from PrimaryTransportLibrary.py in /Users/blais.ch/Documents/_01_code/RMG_env_1/RMG-database/input/transport/libraries...
Loading transport group database from /Users/blais.ch/Documents/_01_code/RMG_env_1/RMG-database/input/transport/groups...
